2024-05-17T19:44:38.493Z - /
2024-05-17T19:52:38.498Z - /
2024-05-17T19:52:39.152Z - /favicon.ico
2024-05-17T19:53:02.239Z - /requests.log
2024-05-17T19:54:08.019Z - /
2024-05-17T19:54:21.387Z - /gola
2024-05-17T19:54:31.309Z - /
2024-05-17T19:55:12.403Z - /
2024-05-17T19:55:20.073Z - /index.html
2024-05-17T19:56:02.309Z - /
2024-05-17T19:56:02.953Z - /favicon.ico
2024-05-17T20:06:47.572Z - /
2024-05-17T20:06:48.284Z - /favicon.ico
2024-05-17T20:11:35.103Z - /
2024-05-17T20:11:35.918Z - /favicon.ico
2024-05-17T20:13:31.429Z - /
2024-05-17T20:13:31.881Z - /favicon.ico
2024-05-17T20:13:45.142Z - /
2024-05-17T20:13:45.769Z - /favicon.ico
2024-05-17T20:14:13.743Z - /
2024-05-17T20:14:14.367Z - /favicon.ico
